<?xml version="1.0" encoding="UTF-8"?>
<testng-results skipped="0" failed="0" total="2" passed="2">
  <reporter-output>
  </reporter-output>
  <suite name="Default suite" duration-ms="57224" started-at="2016-11-28T08:29:06Z" finished-at="2016-11-28T08:30:03Z">
    <groups>
    </groups>
    <test name="Default test" duration-ms="57224" started-at="2016-11-28T08:29:06Z" finished-at="2016-11-28T08:30:03Z">
      <class name="managementDashboard.Login">
        <test-method status="PASS" signature="setup()[pri:0, instance:managementDashboard.Login@1a968a59]" name="setup" is-config="true" duration-ms="9578" started-at="2016-11-28T14:29:06Z" finished-at="2016-11-28T14:29:16Z">
          <reporter-output>
          </reporter-output>
        </test-method> <!-- setup -->
        <test-method status="PASS" signature="Login()[pri:0, instance:managementDashboard.Login@1a968a59]" name="Login" duration-ms="23442" started-at="2016-11-28T14:29:16Z" finished-at="2016-11-28T14:29:39Z">
          <reporter-output>
          </reporter-output>
        </test-method> <!-- Login -->
        <test-method status="PASS" signature="test_Successful_Login()[pri:0, instance:managementDashboard.Login@1a968a59]" name="test_Successful_Login" duration-ms="23194" started-at="2016-11-28T14:29:39Z" finished-at="2016-11-28T14:30:02Z">
          <reporter-output>
          </reporter-output>
        </test-method> <!-- test_Successful_Login -->
        <test-method status="PASS" signature="tearDown()[pri:0, instance:managementDashboard.Login@1a968a59]" name="tearDown" is-config="true" duration-ms="983" started-at="2016-11-28T14:30:02Z" finished-at="2016-11-28T14:30:03Z">
          <reporter-output>
          </reporter-output>
        </test-method> <!-- tearDown -->
      </class> <!-- managementDashboard.Login -->
    </test> <!-- Default test -->
  </suite> <!-- Default suite -->
</testng-results>
